2017-Dec-21 06:46:45 Amendments:DBG Amendment C6970A8B603D8778783B61C0D445C23D1633CCFAEF0D43E7DBCD1521D34BD7C3 is supported.
2017-Dec-21 06:46:45 Amendments:DBG Amendment 4C97EBA926031A7CF7D7B36FDE3ED66DDA5421192D63DE53FFB46E43B9DC8373 is supported.
2017-Dec-21 06:46:45 Amendments:DBG Amendment C1B8D934087225F509BEB5A8EC24447854713EE447D277F69545ABFA0E0FD490 is supported.
2017-Dec-21 06:46:45 Amendments:DBG Amendment 6781F8368C4771B83E8B821D88F580202BCB4228075297B19E4FDC5233F1EFDC is supported.
2017-Dec-21 06:46:45 Amendments:DBG Amendment 42426C4D4F1009EE67080A9B7965B44656D7714D104A72F9B4369F97ABF044EE is supported.
2017-Dec-21 06:46:45 Amendments:DBG Amendment 9178256A980A86CF3D70D0260A7DA6402AAFE43632FDBCB88037978404188871 is supported.
2017-Dec-21 06:46:45 Amendments:DBG Amendment 08DE7D96082187F6E6578530258C77FAABABE4C20474BDB82F04B021F1A68647 is supported.
2017-Dec-21 06:46:45 Amendments:DBG Amendment 740352F2412A9909880C23A559FCECEDA3BE2126FED62FC7660D628A06927F11 is supported.
2017-Dec-21 06:46:45 Amendments:DBG Amendment 1562511F573A19AE9BD103B5D6B9E01B3B46805AEC5D3C4805C902B514399146 is supported.
2017-Dec-21 06:46:45 Amendments:DBG Amendment 532651B4FD58DF8922A49BA101AB3E996E5BFBF95A913B3E392504863E63B164 is supported.
2017-Dec-21 06:46:45 Amendments:DBG Amendment E2E6F2866106419B88C50045ACE96368558C345566AC8F2BDF5A5B5587F0E6FA is supported.
2017-Dec-21 06:46:45 Amendments:DBG Amendment 07D43DCE529B15A10827E5E04943B496762F9A88E3268269D69C44BE49E21104 is supported.
2017-Dec-21 06:46:45 Amendments:DBG Amendment 86E83A7D2ECE3AD5FA87AB2195AE015C950469ABF0B72EAACED318F74886AE90 is supported.
2017-Dec-21 06:46:46 OrderBookDB:DBG Advancing from 0 to 3
2017-Dec-21 06:46:46 OrderBookDB:DBG OrderBookDB::update>
2017-Dec-21 06:46:46 OrderBookDB:DBG OrderBookDB::update< 0 books found
2017-Dec-21 06:46:46 ValidatorList:DBG Loading configured trusted validator list publisher keys
2017-Dec-21 06:46:46 ValidatorList:DBG Loaded 0 keys
2017-Dec-21 06:46:46 ValidatorList:DBG Loading configured validator keys
2017-Dec-21 06:46:46 ValidatorList:DBG Loaded 0 entries
2017-Dec-21 06:46:46 ValidatorSite:DBG Loading configured validator list sites
2017-Dec-21 06:46:46 ValidatorSite:DBG Loaded 0 sites
2017-Dec-21 06:46:46 NodeObject:DBG NodeStore target size set to 131072
2017-Dec-21 06:46:46 NodeObject:DBG NodeStore target age set to 120000000000
2017-Dec-21 06:46:46 TaggedCache:DBG LedgerCache target size set to 256
2017-Dec-21 06:46:46 TaggedCache:DBG LedgerCache target age set to 180000000000
2017-Dec-21 06:46:46 TaggedCache:DBG TreeNodeCache target size set to 512000
2017-Dec-21 06:46:46 TaggedCache:DBG TreeNodeCache target age set to 90000000000
2017-Dec-21 06:46:46 NetworkOPs:NFO Consensus time for #3 with LCL 25FF7061B58505C525CA25181AB9EDD1660A41AEA5333522F02E096979AB9ED8
2017-Dec-21 06:46:46 ValidatorList:DBG 0  of 0 listed validators eligible for inclusion in the trusted set
2017-Dec-21 06:46:46 ValidatorList:DBG Using quorum of 1 for new set of 0 trusted validators
2017-Dec-21 06:46:46 ValidatorList:WRN New quorum of 1 exceeds the number of trusted validators (0)
2017-Dec-21 06:46:46 LedgerConsensus:NFO Entering consensus process, watching
2017-Dec-21 06:46:46 NetworkOPs:DBG Initiating consensus engine
